<?xml version="1.0" encoding="UTF-8"?>
<testng-results ignored="0" total="3" passed="3" failed="0" skipped="0">
  <reporter-output>
  </reporter-output>
  <suite started-at="2026-05-16T11:22:47 IST" name="OrangeHRMSuit" finished-at="2026-05-16T11:23:16 IST" duration-ms="28882">
    <groups>
    </groups>
    <test started-at="2026-05-16T11:22:47 IST" name="OrangeHRMTest" finished-at="2026-05-16T11:23:16 IST" duration-ms="28882">
      <class name="com.OrangeHRM.test.DummyClass2">
        <test-method is-config="true" signature="setup()[pri:0, instance:com.OrangeHRM.test.DummyClass2@292b08d6]" started-at="2026-05-16T11:22:54 IST" name="setup" finished-at="2026-05-16T11:23:00 IST" duration-ms="6542" status="PASS">
          <reporter-output>
          </reporter-output>
        </test-method> <!-- setup -->
        <test-method signature="dummyTest()[pri:0, instance:com.OrangeHRM.test.DummyClass2@292b08d6]" started-at="2026-05-16T11:23:00 IST" name="dummyTest" finished-at="2026-05-16T11:23:00 IST" duration-ms="13" status="PASS">
          <reporter-output>
          </reporter-output>
        </test-method> <!-- dummyTest -->
        <test-method is-config="true" signature="tearDown()[pri:0, instance:com.OrangeHRM.test.DummyClass2@292b08d6]" started-at="2026-05-16T11:23:00 IST" name="tearDown" finished-at="2026-05-16T11:23:00 IST" duration-ms="174" status="PASS">
          <reporter-output>
          </reporter-output>
        </test-method> <!-- tearDown -->
      </class> <!-- com.OrangeHRM.test.DummyClass2 -->
      <class name="com.OrangeHRM.test.LoginPageTest">
        <test-method is-config="true" signature="setup()[pri:0, instance:com.OrangeHRM.test.LoginPageTest@22555ebf]" started-at="2026-05-16T11:23:00 IST" name="setup" finished-at="2026-05-16T11:23:11 IST" duration-ms="10375" status="PASS">
          <reporter-output>
          </reporter-output>
        </test-method> <!-- setup -->
        <test-method is-config="true" signature="setupPages()[pri:0, instance:com.OrangeHRM.test.LoginPageTest@22555ebf]" started-at="2026-05-16T11:23:11 IST" name="setupPages" finished-at="2026-05-16T11:23:11 IST" duration-ms="4" status="PASS">
          <reporter-output>
          </reporter-output>
        </test-method> <!-- setupPages -->
        <test-method signature="verifyLoginWithValidCredentials()[pri:0, instance:com.OrangeHRM.test.LoginPageTest@22555ebf]" started-at="2026-05-16T11:23:11 IST" name="verifyLoginWithValidCredentials" finished-at="2026-05-16T11:23:16 IST" duration-ms="5096" status="PASS">
          <reporter-output>
          </reporter-output>
        </test-method> <!-- verifyLoginWithValidCredentials -->
        <test-method is-config="true" signature="tearDown()[pri:0, instance:com.OrangeHRM.test.LoginPageTest@22555ebf]" started-at="2026-05-16T11:23:16 IST" name="tearDown" finished-at="2026-05-16T11:23:16 IST" duration-ms="205" status="PASS">
          <reporter-output>
          </reporter-output>
        </test-method> <!-- tearDown -->
      </class> <!-- com.OrangeHRM.test.LoginPageTest -->
      <class name="com.OrangeHRM.test.DummyClass">
        <test-method is-config="true" signature="loadConfig()[pri:0, instance:com.OrangeHRM.test.DummyClass@557caf28]" started-at="2026-05-16T11:22:47 IST" name="loadConfig" finished-at="2026-05-16T11:22:47 IST" duration-ms="9" status="PASS">
          <reporter-output>
          </reporter-output>
        </test-method> <!-- loadConfig -->
        <test-method is-config="true" signature="setup()[pri:0, instance:com.OrangeHRM.test.DummyClass@557caf28]" started-at="2026-05-16T11:22:47 IST" name="setup" finished-at="2026-05-16T11:22:54 IST" duration-ms="6239" status="PASS">
          <reporter-output>
          </reporter-output>
        </test-method> <!-- setup -->
        <test-method signature="dummyTest()[pri:0, instance:com.OrangeHRM.test.DummyClass@557caf28]" started-at="2026-05-16T11:22:54 IST" name="dummyTest" finished-at="2026-05-16T11:22:54 IST" duration-ms="16" status="PASS">
          <reporter-output>
          </reporter-output>
        </test-method> <!-- dummyTest -->
        <test-method is-config="true" signature="tearDown()[pri:0, instance:com.OrangeHRM.test.DummyClass@557caf28]" started-at="2026-05-16T11:22:54 IST" name="tearDown" finished-at="2026-05-16T11:22:54 IST" duration-ms="190" status="PASS">
          <reporter-output>
          </reporter-output>
        </test-method> <!-- tearDown -->
      </class> <!-- com.OrangeHRM.test.DummyClass -->
    </test> <!-- OrangeHRMTest -->
  </suite> <!-- OrangeHRMSuit -->
</testng-results>
