<?xml version="1.0" encoding="UTF-8"?>
<testng-results ignored="0" total="4" passed="4" failed="0" skipped="0">
  <reporter-output>
  </reporter-output>
  <suite started-at="2026-05-13T12:12:35 IST" name="OrangeHRMSuit" finished-at="2026-05-13T12:13:08 IST" duration-ms="33308">
    <groups>
    </groups>
    <test started-at="2026-05-13T12:12:35 IST" name="OrangeHRMTest" finished-at="2026-05-13T12:12:53 IST" duration-ms="18239">
      <class name="com.OrangeHRM.test.DummyClass2">
        <test-method is-config="true" signature="setup()[pri:0, instance:com.OrangeHRM.test.DummyClass2@75d4a5c2]" started-at="2026-05-13T12:12:46 IST" name="setup" finished-at="2026-05-13T12:12:53 IST" duration-ms="7475" status="PASS">
          <reporter-output>
          </reporter-output>
        </test-method> <!-- setup -->
        <test-method signature="dummyTest()[pri:0, instance:com.OrangeHRM.test.DummyClass2@75d4a5c2]" started-at="2026-05-13T12:12:53 IST" name="dummyTest" finished-at="2026-05-13T12:12:53 IST" duration-ms="3" status="PASS">
          <reporter-output>
          </reporter-output>
        </test-method> <!-- dummyTest -->
        <test-method is-config="true" signature="tearDown()[pri:0, instance:com.OrangeHRM.test.DummyClass2@75d4a5c2]" started-at="2026-05-13T12:12:53 IST" name="tearDown" finished-at="2026-05-13T12:12:53 IST" duration-ms="157" status="PASS">
          <reporter-output>
          </reporter-output>
        </test-method> <!-- tearDown -->
      </class> <!-- com.OrangeHRM.test.DummyClass2 -->
      <class name="com.OrangeHRM.test.DummyClass">
        <test-method is-config="true" signature="setup()[pri:0, instance:com.OrangeHRM.test.DummyClass@175c2241]" started-at="2026-05-13T12:12:35 IST" name="setup" finished-at="2026-05-13T12:12:45 IST" duration-ms="10338" status="PASS">
          <reporter-output>
          </reporter-output>
        </test-method> <!-- setup -->
        <test-method signature="dummyTest()[pri:0, instance:com.OrangeHRM.test.DummyClass@175c2241]" started-at="2026-05-13T12:12:45 IST" name="dummyTest" finished-at="2026-05-13T12:12:45 IST" duration-ms="16" status="PASS">
          <reporter-output>
          </reporter-output>
        </test-method> <!-- dummyTest -->
        <test-method is-config="true" signature="tearDown()[pri:0, instance:com.OrangeHRM.test.DummyClass@175c2241]" started-at="2026-05-13T12:12:45 IST" name="tearDown" finished-at="2026-05-13T12:12:46 IST" duration-ms="205" status="PASS">
          <reporter-output>
          </reporter-output>
        </test-method> <!-- tearDown -->
      </class> <!-- com.OrangeHRM.test.DummyClass -->
    </test> <!-- OrangeHRMTest -->
    <test started-at="2026-05-13T12:12:53 IST" name="OrangeHRMTest1" finished-at="2026-05-13T12:13:08 IST" duration-ms="15027">
      <class name="com.OrangeHRM.test.DummyClass2">
        <test-method is-config="true" signature="setup()[pri:0, instance:com.OrangeHRM.test.DummyClass2@2cd76f31]" started-at="2026-05-13T12:13:00 IST" name="setup" finished-at="2026-05-13T12:13:08 IST" duration-ms="8260" status="PASS">
          <reporter-output>
          </reporter-output>
        </test-method> <!-- setup -->
        <test-method signature="dummyTest()[pri:0, instance:com.OrangeHRM.test.DummyClass2@2cd76f31]" started-at="2026-05-13T12:13:08 IST" name="dummyTest" finished-at="2026-05-13T12:13:08 IST" duration-ms="11" status="PASS">
          <reporter-output>
          </reporter-output>
        </test-method> <!-- dummyTest -->
        <test-method is-config="true" signature="tearDown()[pri:0, instance:com.OrangeHRM.test.DummyClass2@2cd76f31]" started-at="2026-05-13T12:13:08 IST" name="tearDown" finished-at="2026-05-13T12:13:08 IST" duration-ms="157" status="PASS">
          <reporter-output>
          </reporter-output>
        </test-method> <!-- tearDown -->
      </class> <!-- com.OrangeHRM.test.DummyClass2 -->
      <class name="com.OrangeHRM.test.DummyClass">
        <test-method is-config="true" signature="loadConfig()[pri:0, instance:com.OrangeHRM.test.DummyClass@40005471]" started-at="2026-05-13T12:12:35 IST" name="loadConfig" finished-at="2026-05-13T12:12:35 IST" duration-ms="12" status="PASS">
          <reporter-output>
          </reporter-output>
        </test-method> <!-- loadConfig -->
        <test-method is-config="true" signature="setup()[pri:0, instance:com.OrangeHRM.test.DummyClass@40005471]" started-at="2026-05-13T12:12:53 IST" name="setup" finished-at="2026-05-13T12:13:00 IST" duration-ms="6417" status="PASS">
          <reporter-output>
          </reporter-output>
        </test-method> <!-- setup -->
        <test-method signature="dummyTest()[pri:0, instance:com.OrangeHRM.test.DummyClass@40005471]" started-at="2026-05-13T12:13:00 IST" name="dummyTest" finished-at="2026-05-13T12:13:00 IST" duration-ms="0" status="PASS">
          <reporter-output>
          </reporter-output>
        </test-method> <!-- dummyTest -->
        <test-method is-config="true" signature="tearDown()[pri:0, instance:com.OrangeHRM.test.DummyClass@40005471]" started-at="2026-05-13T12:13:00 IST" name="tearDown" finished-at="2026-05-13T12:13:00 IST" duration-ms="155" status="PASS">
          <reporter-output>
          </reporter-output>
        </test-method> <!-- tearDown -->
      </class> <!-- com.OrangeHRM.test.DummyClass -->
    </test> <!-- OrangeHRMTest1 -->
  </suite> <!-- OrangeHRMSuit -->
</testng-results>
