<?xml version="1.0" encoding="UTF-8"?>
<!-- Generated by org.testng.reporters.JUnitReportReporter -->
<testsuite hostname="DESKTOP-C0I46B7" failures="0" tests="2" name="com.OrangeHRM.test.DummyClass2" time="16.063" errors="0" timestamp="2026-05-13T12:13:08 IST" skipped="0">
  <testcase classname="com.OrangeHRM.test.DummyClass2" name="dummyTest" time="7.635"/>
  <testcase classname="com.OrangeHRM.test.DummyClass2" name="dummyTest" time="8.428"/>
</testsuite> <!-- com.OrangeHRM.test.DummyClass2 -->
