<?xml version="1.0" encoding="UTF-8"?>
<!-- Generated by org.testng.reporters.JUnitXMLReporter -->
<testsuite ignored="1" hostname="DESKTOP-C0I46B7" failures="0" tests="2" name="OrangeHRMTest1" time="15.027" errors="0" timestamp="2026-05-13T12:13:08 IST">
  <testcase classname="com.OrangeHRM.test.DummyClass" name="dummyTest" time="0.0"/>
  <testcase classname="com.OrangeHRM.test.DummyClass2" name="dummyTest" time="0.011"/>
  <testcase classname="com.OrangeHRM.base.BaseClass" name="@BeforeSuite loadConfig" time="0.0">
    <ignored/>
  </testcase> <!-- @BeforeSuite loadConfig -->
</testsuite> <!-- OrangeHRMTest1 -->
