<?xml version="1.0" encoding="UTF-8"?>
<!-- Generated by org.testng.reporters.JUnitXMLReporter -->
<testsuite ignored="1" hostname="DESKTOP-C0I46B7" failures="0" tests="2" name="OrangeHRMTest" time="18.239" errors="0" timestamp="2026-05-13T12:12:53 IST">
  <testcase classname="com.OrangeHRM.test.DummyClass" name="dummyTest" time="0.016"/>
  <testcase classname="com.OrangeHRM.test.DummyClass2" name="dummyTest" time="0.003"/>
  <testcase classname="com.OrangeHRM.base.BaseClass" name="@BeforeSuite loadConfig" time="0.0">
    <ignored/>
  </testcase> <!-- @BeforeSuite loadConfig -->
</testsuite> <!-- OrangeHRMTest -->
