<?xml version="1.0" encoding="UTF-8"?>
<!-- Generated by org.testng.reporters.JUnitXMLReporter -->
<testsuite ignored="2" hostname="DESKTOP-C0I46B7" failures="0" tests="3" name="OrangeHRMTest" time="28.882" errors="0" timestamp="2026-05-16T11:23:16 IST">
  <testcase classname="com.OrangeHRM.test.DummyClass" name="dummyTest" time="0.016"/>
  <testcase classname="com.OrangeHRM.test.DummyClass2" name="dummyTest" time="0.013"/>
  <testcase classname="com.OrangeHRM.test.LoginPageTest" name="verifyLoginWithValidCredentials" time="5.096"/>
  <testcase classname="com.OrangeHRM.base.BaseClass" name="@BeforeSuite loadConfig" time="0.0">
    <ignored/>
  </testcase> <!-- @BeforeSuite loadConfig -->
  <testcase classname="com.OrangeHRM.base.BaseClass" name="@BeforeSuite loadConfig" time="0.0">
    <ignored/>
  </testcase> <!-- @BeforeSuite loadConfig -->
</testsuite> <!-- OrangeHRMTest -->
